
> airflow@1.0.0 dev
> next dev

   ▲ Next.js 15.3.2
   - Local:        http://localhost:3000
   - Network:      http://192.168.68.117:3000
   - Environments: .env
   - Experiments (use with caution):
     ✓ optimizeCss

 ✓ Starting...
 ✓ Ready in 2.1s
 ✓ Compiled /middleware in 358ms (178 modules)
 ○ Compiling / ...
 ✓ Compiled / in 2.5s (1525 modules)
(node:98256) [DEP0040] DeprecationWarning: The `punycode` module is deprecated. Please use a userland alternative instead.
(Use `node --trace-deprecation ...` to show where the warning was created)
Time 5.3415
 GET / 200 in 4498ms
Time 1.259833
 GET / 200 in 229ms
 ○ Compiling /login ...
 ✓ Compiled /login in 2.3s (1721 modules)
Time 3.125459
 GET /login 200 in 2774ms
 ○ Compiling /signup ...
 ✓ Compiled /signup in 650ms (1731 modules)
Time 1.562458
 GET /signup 200 in 1146ms
 ✓ Compiled /api/clients in 177ms (471 modules)
✅ Request authenticated for user: test@example.com (user)
Error fetching clients: {
  message: 'Invalid API key',
  hint: 'Double check your Supabase `anon` or `service_role` API key.'
}
Error in handleGet: {
  message: 'Invalid API key',
  hint: 'Double check your Supabase `anon` or `service_role` API key.'
}
❌ Authentication error: {
  message: 'Invalid API key',
  hint: 'Double check your Supabase `anon` or `service_role` API key.'
}
 GET /api/clients 500 in 776ms
Time 2.807833
 GET /signup 200 in 407ms
✅ Request authenticated for user: test@example.com (user)
Error fetching clients: {
  message: 'Invalid API key',
  hint: 'Double check your Supabase `anon` or `service_role` API key.'
}
Error in handleGet: {
  message: 'Invalid API key',
  hint: 'Double check your Supabase `anon` or `service_role` API key.'
}
❌ Authentication error: {
  message: 'Invalid API key',
  hint: 'Double check your Supabase `anon` or `service_role` API key.'
}
 GET /api/clients 500 in 612ms
Time 3.096
 GET /login 200 in 312ms
✅ Request authenticated for user: test@example.com (user)
Error fetching clients: {
  message: 'Invalid API key',
  hint: 'Double check your Supabase `anon` or `service_role` API key.'
}
Error in handleGet: {
  message: 'Invalid API key',
  hint: 'Double check your Supabase `anon` or `service_role` API key.'
}
❌ Authentication error: {
  message: 'Invalid API key',
  hint: 'Double check your Supabase `anon` or `service_role` API key.'
}
 GET /api/clients 500 in 469ms
 ○ Compiling /assets ...
 ✓ Compiled /assets in 3.3s (2215 modules)
Time 4.230583
 GET /assets 200 in 5159ms
✅ Request authenticated for user: test@example.com (user)
Error fetching clients: {
  message: 'Invalid API key',
  hint: 'Double check your Supabase `anon` or `service_role` API key.'
}
Error in handleGet: {
  message: 'Invalid API key',
  hint: 'Double check your Supabase `anon` or `service_role` API key.'
}
❌ Authentication error: {
  message: 'Invalid API key',
  hint: 'Double check your Supabase `anon` or `service_role` API key.'
}
 GET /api/clients 500 in 752ms
 ○ Compiling /api/assets ...
 ✓ Compiled /api/assets in 629ms (693 modules)
✅ Request authenticated for user: test@example.com (user)
 GET /api/assets?page=1&limit=20&search=&type=&sortBy=created_at&sortOrder=desc 200 in 1202ms
 ○ Compiling /flow ...
 ✓ Compiled /flow in 1082ms (2315 modules)
Time 6.182125
 GET /flow 200 in 1746ms
✅ Request authenticated for user: test@example.com (user)
Error fetching clients: {
  message: 'Invalid API key',
  hint: 'Double check your Supabase `anon` or `service_role` API key.'
}
Error in handleGet: {
  message: 'Invalid API key',
  hint: 'Double check your Supabase `anon` or `service_role` API key.'
}
❌ Authentication error: {
  message: 'Invalid API key',
  hint: 'Double check your Supabase `anon` or `service_role` API key.'
}
 GET /api/clients 500 in 453ms
Time 4.813417
 GET /assets 200 in 334ms
✅ Request authenticated for user: test@example.com (user)
Error fetching clients: {
  message: 'Invalid API key',
  hint: 'Double check your Supabase `anon` or `service_role` API key.'
}
Error in handleGet: {
  message: 'Invalid API key',
  hint: 'Double check your Supabase `anon` or `service_role` API key.'
}
❌ Authentication error: {
  message: 'Invalid API key',
  hint: 'Double check your Supabase `anon` or `service_role` API key.'
}
 GET /api/clients 500 in 473ms
✅ Request authenticated for user: test@example.com (user)
 GET /api/assets?page=1&limit=20&search=&type=&sortBy=created_at&sortOrder=desc 200 in 550ms
